[38;5;86m[HTTP][0m [37m-->[39m [37mPOST[39m [37m/session[39m [90m{"capabilities":{"alwaysMatch":{"platformName":"Android","appium:deviceName":"Pixel 4 API 30(R)","appium:platformVersion":"11","appium:automationName":"UIAutomator2","appium:app":"D:\\Documentos\\Proyectos de GitHub\\appium-demo\\app\\Android\\mda-2.2.0-25.apk"},"firstMatch":[{}]},"desiredCapabilities":{"platformName":"Android","appium:deviceName":"Pixel 4 API 30(R)","appium:platformVersion":"11","appium:automationName":"UIAutomator2","appium:app":"D:\\Documentos\\Proyectos de GitHub\\appium-demo\\app\\Android\\mda-2.2.0-25.apk"}}[39m
[38;5;185m[AppiumDriver@37fe][0m Calling AppiumDriver.createSession() with args: [{"platformName":"Android","appium:deviceName":"Pixel 4 API 30(R)","appium:platformVersion":"11","appium:automationName":"UIAutomator2","appium:app":"D:\\Documentos\\Proyectos de GitHub\\appium-demo\\app\\Android\\mda-2.2.0-25.apk"},null,{"alwaysMatch":{"platformName":"Android","appium:deviceName":"Pixel 4 API 30(R)","appium:platformVersion":"11","appium:automationName":"UIAutomator2","appium:app":"D:\\Documentos\\Proyectos de GitHub\\appium-demo\\app\\Android\\mda-2.2.0-25.apk"},"firstMatch":[{}]}]
[38;5;185m[AppiumDriver@37fe][0m Event 'newSessionRequested' logged at 1732594467017 (23:14:27 GMT-0500 (Colombia Standard Time))
[38;5;112m[Appium][0m Attempting to find matching driver for automationName 'UIAutomator2' and platformName 'Android'
[38;5;112m[Appium][0m The 'uiautomator2' driver was installed and matched caps.
[38;5;112m[Appium][0m Will require it at D:\Documentos\Proyectos de GitHub\appium-demo\node_modules\appium-uiautomator2-driver
[38;5;112m[Appium][0m Requiring driver at D:\Documentos\Proyectos de GitHub\appium-demo\node_modules\appium-uiautomator2-driver\build\index.js
[38;5;185m[AppiumDriver@37fe][0m Appium v2.12.1 creating new AndroidUiautomator2Driver (v2.45.1) session
[38;5;185m[AppiumDriver@37fe][0m Checking BaseDriver versions for Appium and AndroidUiautomator2Driver
[38;5;185m[AppiumDriver@37fe][0m Appium's BaseDriver version is 9.12.1
[38;5;185m[AppiumDriver@37fe][0m AndroidUiautomator2Driver's BaseDriver version is 9.5.1
[38;5;185m[AppiumDriver@37fe][0m Applying relaxed security to 'AndroidUiautomator2Driver' as per server command line argument. All insecure features will be enabled unless explicitly disabled by --deny-insecure
[38;5;-130m[AndroidUiautomator2Driver@000c][0m Creating session with W3C capabilities: {
[38;5;-130m[AndroidUiautomator2Driver@000c][0m   "alwaysMatch": {
[38;5;-130m[AndroidUiautomator2Driver@000c][0m     "platformName": "Android",
[38;5;-130m[AndroidUiautomator2Driver@000c][0m     "appium:deviceName": "Pixel 4 API 30(R)",
[38;5;-130m[AndroidUiautomator2Driver@000c][0m     "appium:platformVersion": "11",
[38;5;-130m[AndroidUiautomator2Driver@000c][0m     "appium:automationName": "UIAutomator2",
[38;5;-130m[AndroidUiautomator2Driver@000c][0m     "appium:app": "D:\\Documentos\\Proyectos de GitHub\\appium-demo\\app\\Android\\mda-2.2.0-25.apk"
[38;5;-130m[AndroidUiautomator2Driver@000c][0m   },
[38;5;-130m[AndroidUiautomator2Driver@000c][0m   "firstMatch": [
[38;5;-130m[AndroidUiautomator2Driver@000c][0m     {}
[38;5;-130m[AndroidUiautomator2Driver@000c][0m   ]
[38;5;-130m[AndroidUiautomator2Driver@000c][0m }
[38;5;151m[AndroidUiautomator2Driver@000c (47c73b39)][0m Session created with session id: 47c73b39-1b89-44d7-ba0d-8f26b809c0f0
[38;5;229m[ADB][0m Found 4 'build-tools' folders under 'C:\Users\JuanPa\AppData\Local\Android\Sdk' (newest first):
[38;5;229m[ADB][0m     C:\Users\JuanPa\AppData\Local\Android\Sdk\build-tools\36.0.0-rc1
[38;5;229m[ADB][0m     C:\Users\JuanPa\AppData\Local\Android\Sdk\build-tools\35.0.0
[38;5;229m[ADB][0m     C:\Users\JuanPa\AppData\Local\Android\Sdk\build-tools\34.0.0
[38;5;229m[ADB][0m     C:\Users\JuanPa\AppData\Local\Android\Sdk\build-tools\33.0.1
[38;5;229m[ADB][0m Using 'adb.exe' from 'C:\Users\JuanPa\AppData\Local\Android\Sdk\platform-tools\adb.exe'
[38;5;229m[ADB][0m Running 'C:\Users\JuanPa\AppData\Local\Android\Sdk\platform-tools\adb.exe -P 5037 start-server'
[38;5;151m[AndroidUiautomator2Driver@000c (47c73b39)][0m Retrieving device list
[38;5;229m[ADB][0m Trying to find connected Android devices
[38;5;229m[ADB][0m Getting connected devices
[38;5;229m[ADB][0m Connected devices: [{"udid":"emulator-5554","state":"device"},{"udid":"emulator-5556","state":"device"}]
[38;5;151m[AndroidUiautomator2Driver@000c (47c73b39)][0m Looking for a device with Android '11.0.0'
[38;5;229m[ADB][0m Setting device id to emulator-5554
[38;5;229m[ADB][0m Getting device platform version
[38;5;229m[ADB][0m Running 'C:\Users\JuanPa\AppData\Local\Android\Sdk\platform-tools\adb.exe -P 5037 -s emulator-5554 shell getprop ro.build.version.release'
[38;5;229m[ADB][0m Current device property 'ro.build.version.release': 12
[38;5;229m[ADB][0m Setting device id to emulator-5556
[38;5;229m[ADB][0m Getting device platform version
[38;5;229m[ADB][0m Running 'C:\Users\JuanPa\AppData\Local\Android\Sdk\platform-tools\adb.exe -P 5037 -s emulator-5556 shell getprop ro.build.version.release'
[38;5;229m[ADB][0m Current device property 'ro.build.version.release': 11
[38;5;151m[AndroidUiautomator2Driver@000c (47c73b39)][0m Using device: emulator-5556
[38;5;229m[ADB][0m Using 'adb.exe' from 'C:\Users\JuanPa\AppData\Local\Android\Sdk\platform-tools\adb.exe'
[38;5;229m[ADB][0m Running 'C:\Users\JuanPa\AppData\Local\Android\Sdk\platform-tools\adb.exe -P 5037 start-server'
[38;5;229m[ADB][0m Setting device id to emulator-5556
[38;5;123m[BaseDriver][0m Using local app 'D:\Documentos\Proyectos de GitHub\appium-demo\app\Android\mda-2.2.0-25.apk'
[38;5;151m[AndroidUiautomator2Driver@000c (47c73b39)][0m Checking whether app is actually present
[38;5;229m[ADB][0m Running 'C:\Users\JuanPa\AppData\Local\Android\Sdk\platform-tools\adb.exe -P 5037 -s emulator-5556 shell getprop ro.build.version.sdk'
[38;5;229m[ADB][0m Current device property 'ro.build.version.sdk': 30
[38;5;229m[ADB][0m Getting device platform version
[38;5;229m[ADB][0m Running 'C:\Users\JuanPa\AppData\Local\Android\Sdk\platform-tools\adb.exe -P 5037 -s emulator-5556 shell getprop ro.build.version.release'
[38;5;229m[ADB][0m Current device property 'ro.build.version.release': 11
[38;5;229m[ADB][0m Device API level: 30
[38;5;151m[AndroidUiautomator2Driver@000c (47c73b39)][0m Relaxing hidden api policy
[38;5;229m[ADB][0m Running 'C:\Users\JuanPa\AppData\Local\Android\Sdk\platform-tools\adb.exe -P 5037 -s emulator-5556 shell 'settings put global hidden_api_policy_pre_p_apps 1;settings put global hidden_api_policy_p_apps 1;settings put global hidden_api_policy 1''
[38;5;151m[AndroidUiautomator2Driver@000c (47c73b39)][0m Parsing package and activity from app manifest
[38;5;229m[ADB][0m Running 'C:\Users\JuanPa\AppData\Local\Android\Sdk\platform-tools\adb.exe -P 5037 -s emulator-5556 wait-for-device'
[38;5;229m[ADB][0m Package name: 'com.saucelabs.mydemoapp.android'
[38;5;229m[ADB][0m Main activity name: 'com.saucelabs.mydemoapp.android.view.activities.SplashActivity'
[38;5;151m[AndroidUiautomator2Driver@000c (47c73b39)][0m Parsed package and activity are: com.saucelabs.mydemoapp.android/com.saucelabs.mydemoapp.android.view.activities.SplashActivity
[38;5;229m[ADB][0m Running 'C:\Users\JuanPa\AppData\Local\Android\Sdk\platform-tools\adb.exe -P 5037 -s emulator-5556 shell echo ping'
[38;5;151m[AndroidUiautomator2Driver@000c (47c73b39)][0m Pushing settings apk to the device...
[38;5;229m[ADB][0m Getting package info for 'io.appium.settings'
[38;5;229m[ADB][0m Running 'C:\Users\JuanPa\AppData\Local\Android\Sdk\platform-tools\adb.exe -P 5037 -s emulator-5556 shell dumpsys package io.appium.settings'
[38;5;229m[ADB][0m The version name of the installed 'io.appium.settings' is greater or equal to the application version name ('5.7.5' >= '5.7.5')
[38;5;229m[ADB][0m There is no need to install/upgrade 'D:\Documentos\Proyectos de GitHub\appium-demo\node_modules\appium-uiautomator2-driver\node_modules\io.appium.settings\apks\settings_apk-debug.apk'
[38;5;229m[ADB][0m Running 'C:\Users\JuanPa\AppData\Local\Android\Sdk\platform-tools\adb.exe -P 5037 -s emulator-5556 shell dumpsys activity services io.appium.settings'
[38;5;151m[AndroidUiautomator2Driver@000c (47c73b39)][0m io.appium.settings is already running. There is no need to reset its permissions.
[38;5;160m[Logcat][0m Starting logs capture with command: C:\\Users\\JuanPa\\AppData\\Local\\Android\\Sdk\\platform-tools\\adb.exe -P 5037 -s emulator-5556 logcat -v threadtime
[38;5;151m[AndroidUiautomator2Driver@000c (47c73b39)][0m Forwarding UiAutomator2 Server port 6790 to local port 8202
[38;5;229m[ADB][0m Forwarding system: 8202 to device: 6790
[38;5;229m[ADB][0m Running 'C:\Users\JuanPa\AppData\Local\Android\Sdk\platform-tools\adb.exe -P 5037 -s emulator-5556 forward tcp:8202 tcp:6790'
[38;5;229m[ADB][0m Checking app cert for D:\Documentos\Proyectos de GitHub\appium-demo\app\Android\mda-2.2.0-25.apk
[38;5;229m[ADB][0m Checking app cert for D:\Documentos\Proyectos de GitHub\appium-demo\node_modules\appium-uiautomator2-driver\node_modules\appium-uiautomator2-server\apks\appium-uiautomator2-server-v6.0.9.apk
[38;5;229m[ADB][0m Checking app cert for D:\Documentos\Proyectos de GitHub\appium-demo\node_modules\appium-uiautomator2-driver\node_modules\appium-uiautomator2-server\apks\appium-uiautomator2-server-debug-androidTest.apk
[38;5;229m[ADB][0m Using 'apksigner.jar' from 'C:\Users\JuanPa\AppData\Local\Android\Sdk\build-tools\36.0.0-rc1\lib\apksigner.jar'
[38;5;229m[ADB][0m Starting apksigner: 'C:\\Program Files\\Java\\jdk-23\\bin\\java.exe' -Xmx1024M -Xss1m -jar C:\\Users\\JuanPa\\AppData\\Local\\Android\\Sdk\\build-tools\\36.0.0-rc1\\lib\\apksigner.jar verify --print-certs 'D:\\Documentos\\Proyectos de GitHub\\appium-demo\\node_modules\\appium-uiautomator2-driver\\node_modules\\appium-uiautomator2-server\\apks\\appium-uiautomator2-server-debug-androidTest.apk'
[38;5;229m[ADB][0m Starting apksigner: 'C:\\Program Files\\Java\\jdk-23\\bin\\java.exe' -Xmx1024M -Xss1m -jar C:\\Users\\JuanPa\\AppData\\Local\\Android\\Sdk\\build-tools\\36.0.0-rc1\\lib\\apksigner.jar verify --print-certs 'D:\\Documentos\\Proyectos de GitHub\\appium-demo\\node_modules\\appium-uiautomator2-driver\\node_modules\\appium-uiautomator2-server\\apks\\appium-uiautomator2-server-v6.0.9.apk'
[38;5;229m[ADB][0m Starting apksigner: 'C:\\Program Files\\Java\\jdk-23\\bin\\java.exe' -Xmx1024M -Xss1m -jar C:\\Users\\JuanPa\\AppData\\Local\\Android\\Sdk\\build-tools\\36.0.0-rc1\\lib\\apksigner.jar verify --print-certs 'D:\\Documentos\\Proyectos de GitHub\\appium-demo\\app\\Android\\mda-2.2.0-25.apk'
[38;5;229m[ADB][0m apksigner stdout: Signer #1 certificate DN: EMAILADDRESS=android@android.com, CN=Android, OU=Android, O=Android, L=Mountain View, ST=California, C=US
[38;5;229m[ADB][0m Signer #1 certificate SHA-256 digest: a40da80a59d170caa950cf15c18c454d47a39b26989d8b640ecd745ba71bf5dc
[38;5;229m[ADB][0m Signer #1 certificate SHA-1 digest: 61ed377e85d386a8dfee6b864bd85b0bfaa5af81
[38;5;229m[ADB][0m Signer #1 certificate MD5 digest: e89b158e4bcf988ebd09eb83f5378e87
[38;5;229m[ADB][0m 
[38;5;229m[ADB][0m sha256 hash did match for 'appium-uiautomator2-server-debug-androidTest.apk'
[38;5;229m[ADB][0m 'D:\Documentos\Proyectos de GitHub\appium-demo\node_modules\appium-uiautomator2-driver\node_modules\appium-uiautomator2-server\apks\appium-uiautomator2-server-debug-androidTest.apk' is signed with the default certificate
[38;5;229m[ADB][0m Getting install status for io.appium.uiautomator2.server.test
[38;5;229m[ADB][0m Running 'C:\Users\JuanPa\AppData\Local\Android\Sdk\platform-tools\adb.exe -P 5037 -s emulator-5556 shell pm path io.appium.uiautomator2.server.test'
[38;5;229m[ADB][0m 'io.appium.uiautomator2.server.test' is installed
[38;5;229m[ADB][0m apksigner stdout: Signer #1 certificate DN: C=US, O=Android, CN=Android Debug
[38;5;229m[ADB][0m Signer #1 certificate SHA-256 digest: 67f24a8580c5a51a486665d8ba424e0a1e6cbc50cad62510203bb081528e5462
[38;5;229m[ADB][0m Signer #1 certificate SHA-1 digest: ff35ac25c5e0d7c01417b9c5caf03eb91b1b8b46
[38;5;229m[ADB][0m Signer #1 certificate MD5 digest: 751bac5bd0777c9b9a879825e99a4112
[38;5;229m[ADB][0m 
[38;5;229m[ADB][0m 'D:\Documentos\Proyectos de GitHub\appium-demo\app\Android\mda-2.2.0-25.apk' is signed with a non-default certificate
[38;5;229m[ADB][0m Getting package info for 'com.saucelabs.mydemoapp.android'
[38;5;229m[ADB][0m Running 'C:\Users\JuanPa\AppData\Local\Android\Sdk\platform-tools\adb.exe -P 5037 -s emulator-5556 shell dumpsys package com.saucelabs.mydemoapp.android'
[38;5;229m[ADB][0m The version name of the installed 'com.saucelabs.mydemoapp.android' is greater or equal to the application version name ('2.2.0' >= '2.2.0')
[38;5;229m[ADB][0m There is no need to install/upgrade 'D:\Documentos\Proyectos de GitHub\appium-demo\app\Android\mda-2.2.0-25.apk'
[38;5;151m[AndroidUiautomator2Driver@000c (47c73b39)][0m Performing fast reset on 'com.saucelabs.mydemoapp.android'
[38;5;229m[ADB][0m Getting install status for com.saucelabs.mydemoapp.android
[38;5;229m[ADB][0m Running 'C:\Users\JuanPa\AppData\Local\Android\Sdk\platform-tools\adb.exe -P 5037 -s emulator-5556 shell pm path com.saucelabs.mydemoapp.android'
[38;5;229m[ADB][0m apksigner stdout: Signer #1 certificate DN: EMAILADDRESS=android@android.com, CN=Android, OU=Android, O=Android, L=Mountain View, ST=California, C=US
[38;5;229m[ADB][0m Signer #1 certificate SHA-256 digest: a40da80a59d170caa950cf15c18c454d47a39b26989d8b640ecd745ba71bf5dc
[38;5;229m[ADB][0m Signer #1 certificate SHA-1 digest: 61ed377e85d386a8dfee6b864bd85b0bfaa5af81
[38;5;229m[ADB][0m Signer #1 certificate MD5 digest: e89b158e4bcf988ebd09eb83f5378e87
[38;5;229m[ADB][0m 
[38;5;229m[ADB][0m sha256 hash did match for 'appium-uiautomator2-server-v6.0.9.apk'
[38;5;229m[ADB][0m 'D:\Documentos\Proyectos de GitHub\appium-demo\node_modules\appium-uiautomator2-driver\node_modules\appium-uiautomator2-server\apks\appium-uiautomator2-server-v6.0.9.apk' is signed with the default certificate
[38;5;229m[ADB][0m Getting package info for 'io.appium.uiautomator2.server'
[38;5;229m[ADB][0m Running 'C:\Users\JuanPa\AppData\Local\Android\Sdk\platform-tools\adb.exe -P 5037 -s emulator-5556 shell dumpsys package io.appium.uiautomator2.server'
[38;5;229m[ADB][0m 'com.saucelabs.mydemoapp.android' is installed
[38;5;229m[ADB][0m Running 'C:\Users\JuanPa\AppData\Local\Android\Sdk\platform-tools\adb.exe -P 5037 -s emulator-5556 shell am force-stop com.saucelabs.mydemoapp.android'
[38;5;229m[ADB][0m Running 'C:\Users\JuanPa\AppData\Local\Android\Sdk\platform-tools\adb.exe -P 5037 -s emulator-5556 shell pm clear com.saucelabs.mydemoapp.android'
[38;5;151m[AndroidUiautomator2Driver@000c (47c73b39)][0m Performed fast reset on the installed 'com.saucelabs.mydemoapp.android' application (stop and clear)
[38;5;229m[ADB][0m The version name of the installed 'io.appium.uiautomator2.server' is greater or equal to the application version name ('6.0.9' >= '6.0.9')
[38;5;151m[AndroidUiautomator2Driver@000c (47c73b39)][0m Server packages status: [{"wasSigned":true,"installState":"sameVersionInstalled","appPath":"D:\\Documentos\\Proyectos de GitHub\\appium-demo\\node_modules\\appium-uiautomator2-driver\\node_modules\\appium-uiautomator2-server\\apks\\appium-uiautomator2-server-v6.0.9.apk","appId":"io.appium.uiautomator2.server"},{"wasSigned":true,"installState":"sameVersionInstalled","appPath":"D:\\Documentos\\Proyectos de GitHub\\appium-demo\\node_modules\\appium-uiautomator2-driver\\node_modules\\appium-uiautomator2-server\\apks\\appium-uiautomator2-server-debug-androidTest.apk","appId":"io.appium.uiautomator2.server.test"}]
[38;5;151m[AndroidUiautomator2Driver@000c (47c73b39)][0m Server packages are not going to be (re)installed
[38;5;151m[AndroidUiautomator2Driver@000c (47c73b39)][0m Waiting up to 30000ms for services to be available
[38;5;229m[ADB][0m Running 'C:\Users\JuanPa\AppData\Local\Android\Sdk\platform-tools\adb.exe -P 5037 -s emulator-5556 shell pm list instrumentation'
[38;5;151m[AndroidUiautomator2Driver@000c (47c73b39)][0m Instrumentation target 'io.appium.uiautomator2.server.test/androidx.test.runner.AndroidJUnitRunner' is available
[38;5;229m[ADB][0m Adding packages ["io.appium.settings","io.appium.uiautomator2.server","io.appium.uiautomator2.server.test"] to Doze whitelist
[38;5;229m[ADB][0m Got the following command chunks to execute: [["dumpsys","deviceidle","whitelist","+io.appium.settings",";","dumpsys","deviceidle","whitelist","+io.appium.uiautomator2.server",";","dumpsys","deviceidle","whitelist","+io.appium.uiautomator2.server.test",";"]]
[38;5;229m[ADB][0m Running 'C:\Users\JuanPa\AppData\Local\Android\Sdk\platform-tools\adb.exe -P 5037 -s emulator-5556 shell dumpsys deviceidle whitelist +io.appium.settings ; dumpsys deviceidle whitelist +io.appium.uiautomator2.server ; dumpsys deviceidle whitelist +io.appium.uiautomator2.server.test ;'
[38;5;151m[AndroidUiautomator2Driver@000c (47c73b39)][0m Performing shallow cleanup of automation leftovers
[38;5;151m[AndroidUiautomator2Driver@000c (47c73b39)][0m No obsolete sessions have been detected (socket hang up)
[38;5;229m[ADB][0m Running 'C:\Users\JuanPa\AppData\Local\Android\Sdk\platform-tools\adb.exe -P 5037 -s emulator-5556 shell am force-stop io.appium.uiautomator2.server.test'
[38;5;151m[AndroidUiautomator2Driver@000c (47c73b39)][0m Starting UIAutomator2 server 6.0.9
[38;5;151m[AndroidUiautomator2Driver@000c (47c73b39)][0m Using UIAutomator2 server from 'D:\Documentos\Proyectos de GitHub\appium-demo\node_modules\appium-uiautomator2-driver\node_modules\appium-uiautomator2-server\apks\appium-uiautomator2-server-v6.0.9.apk' and test from 'D:\Documentos\Proyectos de GitHub\appium-demo\node_modules\appium-uiautomator2-driver\node_modules\appium-uiautomator2-server\apks\appium-uiautomator2-server-debug-androidTest.apk'
[38;5;151m[AndroidUiautomator2Driver@000c (47c73b39)][0m Waiting up to 30000ms for UiAutomator2 to be online...
[38;5;229m[ADB][0m Creating ADB subprocess with args: ["-P","5037","-s","emulator-5556","shell","am","instrument","-w","-e","disableAnalytics","true","io.appium.uiautomator2.server.test/androidx.test.runner.AndroidJUnitRunner"]
[38;5;151m[AndroidUiautomator2Driver@000c (47c73b39)][0m Matched '/status' to command name 'getStatus'
[38;5;151m[AndroidUiautomator2Driver@000c (47c73b39)][0m Proxying [GET /status] to [GET http://127.0.0.1:8202/status] with no body
[38;5;151m[AndroidUiautomator2Driver@000c (47c73b39)][0m socket hang up
[38;5;74m[Instrumentation][0m io.appium.uiautomator2.server.test.AppiumUiAutomator2Server:
[38;5;151m[AndroidUiautomator2Driver@000c (47c73b39)][0m Matched '/status' to command name 'getStatus'
[38;5;151m[AndroidUiautomator2Driver@000c (47c73b39)][0m Proxying [GET /status] to [GET http://127.0.0.1:8202/status] with no body
[38;5;151m[AndroidUiautomator2Driver@000c (47c73b39)][0m socket hang up
[38;5;151m[AndroidUiautomator2Driver@000c (47c73b39)][0m Matched '/status' to command name 'getStatus'
[38;5;151m[AndroidUiautomator2Driver@000c (47c73b39)][0m Proxying [GET /status] to [GET http://127.0.0.1:8202/status] with no body
[38;5;151m[AndroidUiautomator2Driver@000c (47c73b39)][0m Got response with status 200: {"sessionId":"None","value":{"message":"UiAutomator2 Server is ready to accept commands","ready":true}}
[38;5;151m[AndroidUiautomator2Driver@000c (47c73b39)][0m The initialization of the instrumentation process took 2139ms
[38;5;151m[AndroidUiautomator2Driver@000c (47c73b39)][0m Matched '/session' to command name 'createSession'
[38;5;151m[AndroidUiautomator2Driver@000c (47c73b39)][0m Proxying [POST /session] to [POST http://127.0.0.1:8202/session] with body: {"capabilities":{"firstMatch":[{"platformName":"Android","deviceName":"emulator-5556","platformVersion":"11","automationName":"UIAutomator2","app":"D:\\Documentos\\Proyectos de GitHub\\appium-demo\\app\\Android\\mda-2.2.0-25.apk","platform":"LINUX","webStorageEnabled":false,"takesScreenshot":true,"javascriptEnabled":true,"databaseEnabled":false,"networkConnectionEnabled":true,"locationContextEnabled":false,"warnings":{},"desired":{"platformName":"Android","deviceName":"Pixel 4 API 30(R)","platformVersion":"11","automationName":"UIAutomator2","app":"D:\\Documentos\\Proyectos de GitHub\\appium-demo\\app\\Android\\mda-2.2.0-25.apk"},"deviceUDID":"emulator-5556","appPackage":"com.saucelabs.mydemoapp.android"}],"alwaysMatch":{}}}
[38;5;151m[AndroidUiautomator2Driver@000c (47c73b39)][0m Got response with status 200: {"sessionId":"899abd5c-e31e-434f-9140-8b4d1092eff0","value":{"capabilities":{"firstMatch":[{"platformName":"Android","deviceName":"emulator-5556","platformVersion":"11","automationName":"UIAutomator2","app":"D:\\Documentos\\Proyectos de GitHub\\appium-demo\\app\\Android\\mda-2.2.0-25.apk","platform":"LINUX","webStorageEnabled":false,"takesScreenshot":true,"javascriptEnabled":true,"databaseEnabled":false,"networkConnectionEnabled":true,"locationContextEnabled":false,"warnings":{},"desired":{"platformName":"Android","deviceName":"Pixel 4 API 30(R)","platformVersion":"11","automationName":"UIAutomator2","app":"D:\\Documentos\\Proyectos de GitHub\\appium-demo\\app\\Android\\mda-2.2.0-25.apk"},"deviceUDID":"emulator-5556","appPackage":"com.saucelabs.mydemoapp.android"}],"alwaysMatch":{}},"sessionId":"899abd5c-e31e-434f-9140-8b4d1092eff0"}}
[38;5;151m[AndroidUiautomator2Driver@000c (47c73b39)][0m Determined the downstream protocol as 'W3C'
[38;5;151m[AndroidUiautomator2Driver@000c (47c73b39)][0m Proxying [GET /appium/device/pixel_ratio] to [GET http://127.0.0.1:8202/session/899abd5c-e31e-434f-9140-8b4d1092eff0/appium/device/pixel_ratio] with no body
[38;5;151m[AndroidUiautomator2Driver@000c (47c73b39)][0m Matched '/appium/device/system_bars' to command name 'getSystemBars'
[38;5;151m[AndroidUiautomator2Driver@000c (47c73b39)][0m Proxying [GET /appium/device/system_bars] to [GET http://127.0.0.1:8202/session/899abd5c-e31e-434f-9140-8b4d1092eff0/appium/device/system_bars] with no body
[38;5;151m[AndroidUiautomator2Driver@000c (47c73b39)][0m Matched '/window/current/size' to command name 'getWindowSize'
[38;5;151m[AndroidUiautomator2Driver@000c (47c73b39)][0m Proxying [GET /window/current/size] to [GET http://127.0.0.1:8202/session/899abd5c-e31e-434f-9140-8b4d1092eff0/window/current/size] with no body
[38;5;151m[AndroidUiautomator2Driver@000c (47c73b39)][0m Proxying [GET /appium/device/info] to [GET http://127.0.0.1:8202/session/899abd5c-e31e-434f-9140-8b4d1092eff0/appium/device/info] with no body
[38;5;229m[ADB][0m Running 'C:\Users\JuanPa\AppData\Local\Android\Sdk\platform-tools\adb.exe -P 5037 -s emulator-5556 shell dumpsys window'
[38;5;151m[AndroidUiautomator2Driver@000c (47c73b39)][0m Got response with status 200: {"sessionId":"899abd5c-e31e-434f-9140-8b4d1092eff0","value":2.75}
[38;5;151m[AndroidUiautomator2Driver@000c (47c73b39)][0m Got response with status 200: {"sessionId":"899abd5c-e31e-434f-9140-8b4d1092eff0","value":{"statusBar":135}}
[38;5;151m[AndroidUiautomator2Driver@000c (47c73b39)][0m Got response with status 200: {"sessionId":"899abd5c-e31e-434f-9140-8b4d1092eff0","value":{"height":2280,"width":1080}}
[38;5;151m[AndroidUiautomator2Driver@000c (47c73b39)][0m Got response with status 200: {"sessionId":"899abd5c-e31e-434f-9140-8b4d1092eff0","value":{"androidId":"f50b2add8f65cc2f","apiVersion":"30","bluetooth":{"state":"ON"},"brand":"google","carrierName":"Android","displayDensity":440,"locale":"en_US","manufacturer":"Google","model":"sdk_gphone_x86","networks":[{"capabilities":{"SSID":null,"linkDownBandwidthKbps":30000,"linkUpstreamBandwidthKbps":15000,"networkCapabilities":"NET_CAPABILITY_MMS,NET_CAPABILITY_SUPL,NET_CAPABILITY_DUN,NET_CAPABILITY_FOTA,NET_CAPABILITY_IMS,NET_CAPABILITY_CBS,NET_CAPABILITY_INTERNET,NET_CAPABILITY_NOT_RESTRICTED,NET_CAPABILITY_TRUSTED,NET_CAPABILITY_NOT_VPN,NET_CAPABILITY_VALIDATED,NET_CAPABILITY_NOT_ROAMING,NET_CAPABILITY_NOT_CONGESTED,NET_CAPABILITY_NOT_SUSPENDED","signalStrength":-2147483648,"transportTypes":"TRANSPORT_CELLULAR"},"detailedState":"CONNECTED","extraInfo":"epc.tmobile.com","isAvailable":true,"isConnected":true,"isFailover":false,"isRoaming":false,"state":"CONNECTED","subtype":13,"subtypeName":"LTE","type":0,"typeName":"MOBILE"},{"capabilities":{...
[38;5;151m[AndroidUiautomator2Driver@000c (47c73b39)][0m Screen already unlocked, doing nothing
[38;5;151m[AndroidUiautomator2Driver@000c (47c73b39)][0m Starting 'com.saucelabs.mydemoapp.android/com.saucelabs.mydemoapp.android.view.activities.SplashActivity and waiting for 'com.saucelabs.mydemoapp.android/com.saucelabs.mydemoapp.android.view.activities.SplashActivity'
[38;5;229m[ADB][0m Running 'C:\Users\JuanPa\AppData\Local\Android\Sdk\platform-tools\adb.exe -P 5037 -s emulator-5556 shell am start -W -n com.saucelabs.mydemoapp.android/com.saucelabs.mydemoapp.android.view.activities.SplashActivity -S -a android.intent.action.MAIN -c android.intent.category.LAUNCHER -f 0x10200000'
[38;5;229m[ADB][0m Waiting up to 20000ms for activity matching pkg: 'com.saucelabs.mydemoapp.android' and activity: 'com.saucelabs.mydemoapp.android.view.activities.SplashActivity' to be focused
[38;5;229m[ADB][0m Possible activities, to be checked: 'com.saucelabs.mydemoapp.android.view.activities.SplashActivity', 'com.saucelabs.mydemoapp.android.com.saucelabs.mydemoapp.android.view.activities.SplashActivity'
[38;5;229m[ADB][0m Getting focused package and activity
[38;5;229m[ADB][0m Running 'C:\Users\JuanPa\AppData\Local\Android\Sdk\platform-tools\adb.exe -P 5037 -s emulator-5556 shell dumpsys window displays'
[38;5;229m[ADB][0m Found package: 'com.saucelabs.mydemoapp.android' and fully qualified activity name : 'com.saucelabs.mydemoapp.android.view.activities.SplashActivity'
[38;5;185m[AppiumDriver@37fe][0m New AndroidUiautomator2Driver session created successfully, session 47c73b39-1b89-44d7-ba0d-8f26b809c0f0 added to master session list
[38;5;185m[AppiumDriver@37fe][0m Event 'newSessionStarted' logged at 1732594472076 (23:14:32 GMT-0500 (Colombia Standard Time))
[38;5;151m[AndroidUiautomator2Driver@000c (47c73b39)][0m Cached the protocol value 'W3C' for the new session 47c73b39-1b89-44d7-ba0d-8f26b809c0f0
[38;5;151m[AndroidUiautomator2Driver@000c (47c73b39)][0m Responding to client with driver.createSession() result: {"capabilities":{"platformName":"Android","deviceName":"emulator-5556","platformVersion":"11","automationName":"UIAutomator2","app":"D:\\Documentos\\Proyectos de GitHub\\appium-demo\\app\\Android\\mda-2.2.0-25.apk","platform":"LINUX","webStorageEnabled":false,"takesScreenshot":true,"javascriptEnabled":true,"databaseEnabled":false,"networkConnectionEnabled":true,"locationContextEnabled":false,"warnings":{},"desired":{"platformName":"Android","deviceName":"Pixel 4 API 30(R)","platformVersion":"11","automationName":"UIAutomator2","app":"D:\\Documentos\\Proyectos de GitHub\\appium-demo\\app\\Android\\mda-2.2.0-25.apk"},"deviceUDID":"emulator-5556","appPackage":"com.saucelabs.mydemoapp.android","pixelRatio":"2.75","statBarHeight":135,"viewportRect":{"left":0,"top":135,"width":1080,"height":2145},"deviceApiLevel":30,"deviceManufacturer":"Google","deviceModel":"sdk_gphone_x86","deviceScreenSize":"1080x2280","deviceScreenDensity":440}}
[38;5;86m[HTTP][0m [37m<-- POST /session [39m[32m200[39m [90m5063 ms - 1002[39m [90m[39m
[38;5;176m[47c73b39][0m[38;5;86m[HTTP][0m [37m-->[39m [37mPOST[39m [37m/session/47c73b39-1b89-44d7-ba0d-8f26b809c0f0/element[39m [90m{"using":"xpath","value":"//android.widget.ImageView[@content-desc=\"View menu\"]"}[39m
[38;5;176m[47c73b39][0m[38;5;151m[AndroidUiautomator2Driver@000c (47c73b39)][0m Calling AppiumDriver.findElement() with args: ["xpath","//android.widget.ImageView[@content-desc=\"View menu\"]","47c73b39-1b89-44d7-ba0d-8f26b809c0f0"]
[38;5;176m[47c73b39][0m[38;5;151m[AndroidUiautomator2Driver@000c (47c73b39)][0m Valid locator strategies for this request: xpath, id, class name, accessibility id, css selector, -android uiautomator
[38;5;176m[47c73b39][0m[38;5;151m[AndroidUiautomator2Driver@000c (47c73b39)][0m Waiting up to 0 ms for condition
[38;5;176m[47c73b39][0m[38;5;151m[AndroidUiautomator2Driver@000c (47c73b39)][0m Matched '/element' to command name 'findElement'
[38;5;176m[47c73b39][0m[38;5;151m[AndroidUiautomator2Driver@000c (47c73b39)][0m Proxying [POST /element] to [POST http://127.0.0.1:8202/session/899abd5c-e31e-434f-9140-8b4d1092eff0/element] with body: {"strategy":"xpath","selector":"//android.widget.ImageView[@content-desc=\"View menu\"]","context":"","multiple":false}
[38;5;176m[47c73b39][0m[38;5;151m[AndroidUiautomator2Driver@000c (47c73b39)][0m Got response with status 200: {"sessionId":"899abd5c-e31e-434f-9140-8b4d1092eff0","value":{"ELEMENT":"00000000-0000-0346-ffff-ffff00000013","element-6066-11e4-a52e-4f735466cecf":"00000000-0000-0346-ffff-ffff00000013"}}
[38;5;176m[47c73b39][0m[38;5;151m[AndroidUiautomator2Driver@000c (47c73b39)][0m Responding to client with driver.findElement() result: {"element-6066-11e4-a52e-4f735466cecf":"00000000-0000-0346-ffff-ffff00000013","ELEMENT":"00000000-0000-0346-ffff-ffff00000013"}
[38;5;176m[47c73b39][0m[38;5;86m[HTTP][0m [37m<-- POST /session/47c73b39-1b89-44d7-ba0d-8f26b809c0f0/element [39m[32m200[39m [90m1710 ms - 137[39m [90m[39m
[38;5;176m[47c73b39][0m[38;5;86m[HTTP][0m [37m-->[39m [37mPOST[39m [37m/session/47c73b39-1b89-44d7-ba0d-8f26b809c0f0/element/00000000-0000-0346-ffff-ffff00000013/click[39m [90m{}[39m
[38;5;176m[47c73b39][0m[38;5;151m[AndroidUiautomator2Driver@000c (47c73b39)][0m Calling AppiumDriver.click() with args: ["00000000-0000-0346-ffff-ffff00000013","47c73b39-1b89-44d7-ba0d-8f26b809c0f0"]
[38;5;176m[47c73b39][0m[38;5;151m[AndroidUiautomator2Driver@000c (47c73b39)][0m Matched '/element/00000000-0000-0346-ffff-ffff00000013/click' to command name 'click'
[38;5;176m[47c73b39][0m[38;5;151m[AndroidUiautomator2Driver@000c (47c73b39)][0m Proxying [POST /element/00000000-0000-0346-ffff-ffff00000013/click] to [POST http://127.0.0.1:8202/session/899abd5c-e31e-434f-9140-8b4d1092eff0/element/00000000-0000-0346-ffff-ffff00000013/click] with body: {"element":"00000000-0000-0346-ffff-ffff00000013"}
[38;5;176m[47c73b39][0m[38;5;151m[AndroidUiautomator2Driver@000c (47c73b39)][0m Got response with status 200: {"sessionId":"899abd5c-e31e-434f-9140-8b4d1092eff0","value":null}
[38;5;176m[47c73b39][0m[38;5;151m[AndroidUiautomator2Driver@000c (47c73b39)][0m Responding to client with driver.click() result: null
[38;5;176m[47c73b39][0m[38;5;86m[HTTP][0m [37m<-- POST /session/47c73b39-1b89-44d7-ba0d-8f26b809c0f0/element/00000000-0000-0346-ffff-ffff00000013/click [39m[32m200[39m [90m60 ms - 14[39m [90m[39m
[38;5;176m[47c73b39][0m[38;5;86m[HTTP][0m [37m-->[39m [37mPOST[39m [37m/session/47c73b39-1b89-44d7-ba0d-8f26b809c0f0/element[39m [90m{"using":"xpath","value":"//android.widget.TextView[@content-desc=\"Login Menu Item\"]"}[39m
[38;5;176m[47c73b39][0m[38;5;151m[AndroidUiautomator2Driver@000c (47c73b39)][0m Calling AppiumDriver.findElement() with args: ["xpath","//android.widget.TextView[@content-desc=\"Login Menu Item\"]","47c73b39-1b89-44d7-ba0d-8f26b809c0f0"]
[38;5;176m[47c73b39][0m[38;5;151m[AndroidUiautomator2Driver@000c (47c73b39)][0m Valid locator strategies for this request: xpath, id, class name, accessibility id, css selector, -android uiautomator
[38;5;176m[47c73b39][0m[38;5;151m[AndroidUiautomator2Driver@000c (47c73b39)][0m Waiting up to 0 ms for condition
[38;5;176m[47c73b39][0m[38;5;151m[AndroidUiautomator2Driver@000c (47c73b39)][0m Matched '/element' to command name 'findElement'
[38;5;176m[47c73b39][0m[38;5;151m[AndroidUiautomator2Driver@000c (47c73b39)][0m Proxying [POST /element] to [POST http://127.0.0.1:8202/session/899abd5c-e31e-434f-9140-8b4d1092eff0/element] with body: {"strategy":"xpath","selector":"//android.widget.TextView[@content-desc=\"Login Menu Item\"]","context":"","multiple":false}
[38;5;176m[47c73b39][0m[38;5;151m[AndroidUiautomator2Driver@000c (47c73b39)][0m Got response with status 200: {"sessionId":"899abd5c-e31e-434f-9140-8b4d1092eff0","value":{"ELEMENT":"00000000-0000-0346-ffff-ffff00000059","element-6066-11e4-a52e-4f735466cecf":"00000000-0000-0346-ffff-ffff00000059"}}
[38;5;176m[47c73b39][0m[38;5;151m[AndroidUiautomator2Driver@000c (47c73b39)][0m Responding to client with driver.findElement() result: {"element-6066-11e4-a52e-4f735466cecf":"00000000-0000-0346-ffff-ffff00000059","ELEMENT":"00000000-0000-0346-ffff-ffff00000059"}
[38;5;176m[47c73b39][0m[38;5;86m[HTTP][0m [37m<-- POST /session/47c73b39-1b89-44d7-ba0d-8f26b809c0f0/element [39m[32m200[39m [90m988 ms - 137[39m [90m[39m
[38;5;176m[47c73b39][0m[38;5;86m[HTTP][0m [37m-->[39m [37mPOST[39m [37m/session/47c73b39-1b89-44d7-ba0d-8f26b809c0f0/element/00000000-0000-0346-ffff-ffff00000059/click[39m [90m{}[39m
[38;5;176m[47c73b39][0m[38;5;151m[AndroidUiautomator2Driver@000c (47c73b39)][0m Calling AppiumDriver.click() with args: ["00000000-0000-0346-ffff-ffff00000059","47c73b39-1b89-44d7-ba0d-8f26b809c0f0"]
[38;5;176m[47c73b39][0m[38;5;151m[AndroidUiautomator2Driver@000c (47c73b39)][0m Matched '/element/00000000-0000-0346-ffff-ffff00000059/click' to command name 'click'
[38;5;176m[47c73b39][0m[38;5;151m[AndroidUiautomator2Driver@000c (47c73b39)][0m Proxying [POST /element/00000000-0000-0346-ffff-ffff00000059/click] to [POST http://127.0.0.1:8202/session/899abd5c-e31e-434f-9140-8b4d1092eff0/element/00000000-0000-0346-ffff-ffff00000059/click] with body: {"element":"00000000-0000-0346-ffff-ffff00000059"}
[38;5;176m[47c73b39][0m[38;5;151m[AndroidUiautomator2Driver@000c (47c73b39)][0m Got response with status 200: {"sessionId":"899abd5c-e31e-434f-9140-8b4d1092eff0","value":null}
[38;5;176m[47c73b39][0m[38;5;151m[AndroidUiautomator2Driver@000c (47c73b39)][0m Responding to client with driver.click() result: null
[38;5;176m[47c73b39][0m[38;5;86m[HTTP][0m [37m<-- POST /session/47c73b39-1b89-44d7-ba0d-8f26b809c0f0/element/00000000-0000-0346-ffff-ffff00000059/click [39m[32m200[39m [90m53 ms - 14[39m [90m[39m
[38;5;176m[47c73b39][0m[38;5;86m[HTTP][0m [37m-->[39m [37mPOST[39m [37m/session/47c73b39-1b89-44d7-ba0d-8f26b809c0f0/element[39m [90m{"using":"xpath","value":"//android.widget.EditText[@resource-id=\"com.saucelabs.mydemoapp.android:id/nameET\"]"}[39m
[38;5;176m[47c73b39][0m[38;5;151m[AndroidUiautomator2Driver@000c (47c73b39)][0m Calling AppiumDriver.findElement() with args: ["xpath","//android.widget.EditText[@resource-id=\"com.saucelabs.mydemoapp.android:id/nameET\"]","47c73b39-1b89-44d7-ba0d-8f26b809c0f0"]
[38;5;176m[47c73b39][0m[38;5;151m[AndroidUiautomator2Driver@000c (47c73b39)][0m Valid locator strategies for this request: xpath, id, class name, accessibility id, css selector, -android uiautomator
[38;5;176m[47c73b39][0m[38;5;151m[AndroidUiautomator2Driver@000c (47c73b39)][0m Waiting up to 0 ms for condition
[38;5;176m[47c73b39][0m[38;5;151m[AndroidUiautomator2Driver@000c (47c73b39)][0m Matched '/element' to command name 'findElement'
[38;5;176m[47c73b39][0m[38;5;151m[AndroidUiautomator2Driver@000c (47c73b39)][0m Proxying [POST /element] to [POST http://127.0.0.1:8202/session/899abd5c-e31e-434f-9140-8b4d1092eff0/element] with body: {"strategy":"xpath","selector":"//android.widget.EditText[@resource-id=\"com.saucelabs.mydemoapp.android:id/nameET\"]","context":"","multiple":false}
[38;5;176m[47c73b39][0m[38;5;151m[AndroidUiautomator2Driver@000c (47c73b39)][0m Got response with status 200: {"sessionId":"899abd5c-e31e-434f-9140-8b4d1092eff0","value":{"ELEMENT":"00000000-0000-0347-ffff-ffff0000017c","element-6066-11e4-a52e-4f735466cecf":"00000000-0000-0347-ffff-ffff0000017c"}}
[38;5;176m[47c73b39][0m[38;5;151m[AndroidUiautomator2Driver@000c (47c73b39)][0m Responding to client with driver.findElement() result: {"element-6066-11e4-a52e-4f735466cecf":"00000000-0000-0347-ffff-ffff0000017c","ELEMENT":"00000000-0000-0347-ffff-ffff0000017c"}
[38;5;176m[47c73b39][0m[38;5;86m[HTTP][0m [37m<-- POST /session/47c73b39-1b89-44d7-ba0d-8f26b809c0f0/element [39m[32m200[39m [90m815 ms - 137[39m [90m[39m
[38;5;176m[47c73b39][0m[38;5;86m[HTTP][0m [37m-->[39m [37mGET[39m [37m/session/47c73b39-1b89-44d7-ba0d-8f26b809c0f0/element/00000000-0000-0347-ffff-ffff0000017c/displayed[39m [90m{}[39m
[38;5;176m[47c73b39][0m[38;5;151m[AndroidUiautomator2Driver@000c (47c73b39)][0m Calling AppiumDriver.elementDisplayed() with args: ["00000000-0000-0347-ffff-ffff0000017c","47c73b39-1b89-44d7-ba0d-8f26b809c0f0"]
[38;5;176m[47c73b39][0m[38;5;151m[AndroidUiautomator2Driver@000c (47c73b39)][0m Matched '/element/00000000-0000-0347-ffff-ffff0000017c/attribute/displayed' to command name 'getAttribute'
[38;5;176m[47c73b39][0m[38;5;151m[AndroidUiautomator2Driver@000c (47c73b39)][0m Proxying [GET /element/00000000-0000-0347-ffff-ffff0000017c/attribute/displayed] to [GET http://127.0.0.1:8202/session/899abd5c-e31e-434f-9140-8b4d1092eff0/element/00000000-0000-0347-ffff-ffff0000017c/attribute/displayed] with no body
[38;5;176m[47c73b39][0m[38;5;151m[AndroidUiautomator2Driver@000c (47c73b39)][0m Got response with status 200: {"sessionId":"899abd5c-e31e-434f-9140-8b4d1092eff0","value":"true"}
[38;5;176m[47c73b39][0m[38;5;151m[AndroidUiautomator2Driver@000c (47c73b39)][0m Responding to client with driver.elementDisplayed() result: true
[38;5;176m[47c73b39][0m[38;5;86m[HTTP][0m [37m<-- GET /session/47c73b39-1b89-44d7-ba0d-8f26b809c0f0/element/00000000-0000-0347-ffff-ffff0000017c/displayed [39m[32m200[39m [90m13 ms - 14[39m [90m[39m
[38;5;176m[47c73b39][0m[38;5;86m[HTTP][0m [37m-->[39m [37mPOST[39m [37m/session/47c73b39-1b89-44d7-ba0d-8f26b809c0f0/element[39m [90m{"using":"xpath","value":"//android.widget.EditText[@resource-id=\"com.saucelabs.mydemoapp.android:id/nameET\"]"}[39m
[38;5;176m[47c73b39][0m[38;5;151m[AndroidUiautomator2Driver@000c (47c73b39)][0m Calling AppiumDriver.findElement() with args: ["xpath","//android.widget.EditText[@resource-id=\"com.saucelabs.mydemoapp.android:id/nameET\"]","47c73b39-1b89-44d7-ba0d-8f26b809c0f0"]
[38;5;176m[47c73b39][0m[38;5;151m[AndroidUiautomator2Driver@000c (47c73b39)][0m Valid locator strategies for this request: xpath, id, class name, accessibility id, css selector, -android uiautomator
[38;5;176m[47c73b39][0m[38;5;151m[AndroidUiautomator2Driver@000c (47c73b39)][0m Waiting up to 0 ms for condition
[38;5;176m[47c73b39][0m[38;5;151m[AndroidUiautomator2Driver@000c (47c73b39)][0m Matched '/element' to command name 'findElement'
[38;5;176m[47c73b39][0m[38;5;151m[AndroidUiautomator2Driver@000c (47c73b39)][0m Proxying [POST /element] to [POST http://127.0.0.1:8202/session/899abd5c-e31e-434f-9140-8b4d1092eff0/element] with body: {"strategy":"xpath","selector":"//android.widget.EditText[@resource-id=\"com.saucelabs.mydemoapp.android:id/nameET\"]","context":"","multiple":false}
[38;5;176m[47c73b39][0m[38;5;151m[AndroidUiautomator2Driver@000c (47c73b39)][0m Got response with status 200: {"sessionId":"899abd5c-e31e-434f-9140-8b4d1092eff0","value":{"ELEMENT":"00000000-0000-0347-ffff-ffff0000017c","element-6066-11e4-a52e-4f735466cecf":"00000000-0000-0347-ffff-ffff0000017c"}}
[38;5;176m[47c73b39][0m[38;5;151m[AndroidUiautomator2Driver@000c (47c73b39)][0m Responding to client with driver.findElement() result: {"element-6066-11e4-a52e-4f735466cecf":"00000000-0000-0347-ffff-ffff0000017c","ELEMENT":"00000000-0000-0347-ffff-ffff0000017c"}
[38;5;176m[47c73b39][0m[38;5;86m[HTTP][0m [37m<-- POST /session/47c73b39-1b89-44d7-ba0d-8f26b809c0f0/element [39m[32m200[39m [90m42 ms - 137[39m [90m[39m
[38;5;176m[47c73b39][0m[38;5;86m[HTTP][0m [37m-->[39m [37mPOST[39m [37m/session/47c73b39-1b89-44d7-ba0d-8f26b809c0f0/element/00000000-0000-0347-ffff-ffff0000017c/clear[39m [90m{}[39m
[38;5;176m[47c73b39][0m[38;5;151m[AndroidUiautomator2Driver@000c (47c73b39)][0m Calling AppiumDriver.clear() with args: ["00000000-0000-0347-ffff-ffff0000017c","47c73b39-1b89-44d7-ba0d-8f26b809c0f0"]
[38;5;176m[47c73b39][0m[38;5;151m[AndroidUiautomator2Driver@000c (47c73b39)][0m Matched '/element/00000000-0000-0347-ffff-ffff0000017c/clear' to command name 'clear'
[38;5;176m[47c73b39][0m[38;5;151m[AndroidUiautomator2Driver@000c (47c73b39)][0m Proxying [POST /element/00000000-0000-0347-ffff-ffff0000017c/clear] to [POST http://127.0.0.1:8202/session/899abd5c-e31e-434f-9140-8b4d1092eff0/element/00000000-0000-0347-ffff-ffff0000017c/clear] with body: {"elementId":"00000000-0000-0347-ffff-ffff0000017c"}
[38;5;176m[47c73b39][0m[38;5;151m[AndroidUiautomator2Driver@000c (47c73b39)][0m Got response with status 200: {"sessionId":"899abd5c-e31e-434f-9140-8b4d1092eff0","value":null}
[38;5;176m[47c73b39][0m[38;5;151m[AndroidUiautomator2Driver@000c (47c73b39)][0m Responding to client with driver.clear() result: null
[38;5;176m[47c73b39][0m[38;5;86m[HTTP][0m [37m<-- POST /session/47c73b39-1b89-44d7-ba0d-8f26b809c0f0/element/00000000-0000-0347-ffff-ffff0000017c/clear [39m[32m200[39m [90m13 ms - 14[39m [90m[39m
[38;5;176m[47c73b39][0m[38;5;86m[HTTP][0m [37m-->[39m [37mPOST[39m [37m/session/47c73b39-1b89-44d7-ba0d-8f26b809c0f0/element/00000000-0000-0347-ffff-ffff0000017c/value[39m [90m{"text":"alice@example.com"}[39m
[38;5;176m[47c73b39][0m[38;5;151m[AndroidUiautomator2Driver@000c (47c73b39)][0m Calling AppiumDriver.setValue() with args: ["alice@example.com","00000000-0000-0347-ffff-ffff0000017c","47c73b39-1b89-44d7-ba0d-8f26b809c0f0"]
[38;5;176m[47c73b39][0m[38;5;151m[AndroidUiautomator2Driver@000c (47c73b39)][0m Matched '/element/00000000-0000-0347-ffff-ffff0000017c/value' to command name 'setValue'
[38;5;176m[47c73b39][0m[38;5;151m[AndroidUiautomator2Driver@000c (47c73b39)][0m Added 'value' property ["a","l","i","c","e","@","e","x","a","m","p","l","e",".","c","o","m"] to 'setValue' request body
[38;5;176m[47c73b39][0m[38;5;151m[AndroidUiautomator2Driver@000c (47c73b39)][0m Proxying [POST /element/00000000-0000-0347-ffff-ffff0000017c/value] to [POST http://127.0.0.1:8202/session/899abd5c-e31e-434f-9140-8b4d1092eff0/element/00000000-0000-0347-ffff-ffff0000017c/value] with body: {"elementId":"00000000-0000-0347-ffff-ffff0000017c","text":"alice@example.com","replace":false,"value":["a","l","i","c","e","@","e","x","a","m","p","l","e",".","c","o","m"]}
[38;5;176m[47c73b39][0m[38;5;151m[AndroidUiautomator2Driver@000c (47c73b39)][0m Got response with status 200: {"sessionId":"899abd5c-e31e-434f-9140-8b4d1092eff0","value":null}
[38;5;176m[47c73b39][0m[38;5;151m[AndroidUiautomator2Driver@000c (47c73b39)][0m Responding to client with driver.setValue() result: null
[38;5;176m[47c73b39][0m[38;5;86m[HTTP][0m [37m<-- POST /session/47c73b39-1b89-44d7-ba0d-8f26b809c0f0/element/00000000-0000-0347-ffff-ffff0000017c/value [39m[32m200[39m [90m512 ms - 14[39m [90m[39m
[38;5;176m[47c73b39][0m[38;5;86m[HTTP][0m [37m-->[39m [37mPOST[39m [37m/session/47c73b39-1b89-44d7-ba0d-8f26b809c0f0/element[39m [90m{"using":"xpath","value":"//android.widget.EditText[@resource-id=\"com.saucelabs.mydemoapp.android:id/passwordET\"]"}[39m
[38;5;176m[47c73b39][0m[38;5;151m[AndroidUiautomator2Driver@000c (47c73b39)][0m Calling AppiumDriver.findElement() with args: ["xpath","//android.widget.EditText[@resource-id=\"com.saucelabs.mydemoapp.android:id/passwordET\"]","47c73b39-1b89-44d7-ba0d-8f26b809c0f0"]
[38;5;176m[47c73b39][0m[38;5;151m[AndroidUiautomator2Driver@000c (47c73b39)][0m Valid locator strategies for this request: xpath, id, class name, accessibility id, css selector, -android uiautomator
[38;5;176m[47c73b39][0m[38;5;151m[AndroidUiautomator2Driver@000c (47c73b39)][0m Waiting up to 0 ms for condition
[38;5;176m[47c73b39][0m[38;5;151m[AndroidUiautomator2Driver@000c (47c73b39)][0m Matched '/element' to command name 'findElement'
[38;5;176m[47c73b39][0m[38;5;151m[AndroidUiautomator2Driver@000c (47c73b39)][0m Proxying [POST /element] to [POST http://127.0.0.1:8202/session/899abd5c-e31e-434f-9140-8b4d1092eff0/element] with body: {"strategy":"xpath","selector":"//android.widget.EditText[@resource-id=\"com.saucelabs.mydemoapp.android:id/passwordET\"]","context":"","multiple":false}
[38;5;176m[47c73b39][0m[38;5;151m[AndroidUiautomator2Driver@000c (47c73b39)][0m Got response with status 200: {"sessionId":"899abd5c-e31e-434f-9140-8b4d1092eff0","value":{"ELEMENT":"00000000-0000-0347-ffff-ffff00000181","element-6066-11e4-a52e-4f735466cecf":"00000000-0000-0347-ffff-ffff00000181"}}
[38;5;176m[47c73b39][0m[38;5;151m[AndroidUiautomator2Driver@000c (47c73b39)][0m Responding to client with driver.findElement() result: {"element-6066-11e4-a52e-4f735466cecf":"00000000-0000-0347-ffff-ffff00000181","ELEMENT":"00000000-0000-0347-ffff-ffff00000181"}
[38;5;176m[47c73b39][0m[38;5;86m[HTTP][0m [37m<-- POST /session/47c73b39-1b89-44d7-ba0d-8f26b809c0f0/element [39m[32m200[39m [90m519 ms - 137[39m [90m[39m
[38;5;176m[47c73b39][0m[38;5;86m[HTTP][0m [37m-->[39m [37mGET[39m [37m/session/47c73b39-1b89-44d7-ba0d-8f26b809c0f0/element/00000000-0000-0347-ffff-ffff00000181/displayed[39m [90m{}[39m
[38;5;176m[47c73b39][0m[38;5;151m[AndroidUiautomator2Driver@000c (47c73b39)][0m Calling AppiumDriver.elementDisplayed() with args: ["00000000-0000-0347-ffff-ffff00000181","47c73b39-1b89-44d7-ba0d-8f26b809c0f0"]
[38;5;176m[47c73b39][0m[38;5;151m[AndroidUiautomator2Driver@000c (47c73b39)][0m Matched '/element/00000000-0000-0347-ffff-ffff00000181/attribute/displayed' to command name 'getAttribute'
[38;5;176m[47c73b39][0m[38;5;151m[AndroidUiautomator2Driver@000c (47c73b39)][0m Proxying [GET /element/00000000-0000-0347-ffff-ffff00000181/attribute/displayed] to [GET http://127.0.0.1:8202/session/899abd5c-e31e-434f-9140-8b4d1092eff0/element/00000000-0000-0347-ffff-ffff00000181/attribute/displayed] with no body
[38;5;176m[47c73b39][0m[38;5;151m[AndroidUiautomator2Driver@000c (47c73b39)][0m Got response with status 200: {"sessionId":"899abd5c-e31e-434f-9140-8b4d1092eff0","value":"true"}
[38;5;176m[47c73b39][0m[38;5;151m[AndroidUiautomator2Driver@000c (47c73b39)][0m Responding to client with driver.elementDisplayed() result: true
[38;5;176m[47c73b39][0m[38;5;86m[HTTP][0m [37m<-- GET /session/47c73b39-1b89-44d7-ba0d-8f26b809c0f0/element/00000000-0000-0347-ffff-ffff00000181/displayed [39m[32m200[39m [90m10 ms - 14[39m [90m[39m
[38;5;176m[47c73b39][0m[38;5;86m[HTTP][0m [37m-->[39m [37mPOST[39m [37m/session/47c73b39-1b89-44d7-ba0d-8f26b809c0f0/element[39m [90m{"using":"xpath","value":"//android.widget.EditText[@resource-id=\"com.saucelabs.mydemoapp.android:id/passwordET\"]"}[39m
[38;5;176m[47c73b39][0m[38;5;151m[AndroidUiautomator2Driver@000c (47c73b39)][0m Calling AppiumDriver.findElement() with args: ["xpath","//android.widget.EditText[@resource-id=\"com.saucelabs.mydemoapp.android:id/passwordET\"]","47c73b39-1b89-44d7-ba0d-8f26b809c0f0"]
[38;5;176m[47c73b39][0m[38;5;151m[AndroidUiautomator2Driver@000c (47c73b39)][0m Valid locator strategies for this request: xpath, id, class name, accessibility id, css selector, -android uiautomator
[38;5;176m[47c73b39][0m[38;5;151m[AndroidUiautomator2Driver@000c (47c73b39)][0m Waiting up to 0 ms for condition
[38;5;176m[47c73b39][0m[38;5;151m[AndroidUiautomator2Driver@000c (47c73b39)][0m Matched '/element' to command name 'findElement'
[38;5;176m[47c73b39][0m[38;5;151m[AndroidUiautomator2Driver@000c (47c73b39)][0m Proxying [POST /element] to [POST http://127.0.0.1:8202/session/899abd5c-e31e-434f-9140-8b4d1092eff0/element] with body: {"strategy":"xpath","selector":"//android.widget.EditText[@resource-id=\"com.saucelabs.mydemoapp.android:id/passwordET\"]","context":"","multiple":false}
[38;5;176m[47c73b39][0m[38;5;151m[AndroidUiautomator2Driver@000c (47c73b39)][0m Got response with status 200: {"sessionId":"899abd5c-e31e-434f-9140-8b4d1092eff0","value":{"ELEMENT":"00000000-0000-0347-ffff-ffff00000181","element-6066-11e4-a52e-4f735466cecf":"00000000-0000-0347-ffff-ffff00000181"}}
[38;5;176m[47c73b39][0m[38;5;151m[AndroidUiautomator2Driver@000c (47c73b39)][0m Responding to client with driver.findElement() result: {"element-6066-11e4-a52e-4f735466cecf":"00000000-0000-0347-ffff-ffff00000181","ELEMENT":"00000000-0000-0347-ffff-ffff00000181"}
[38;5;176m[47c73b39][0m[38;5;86m[HTTP][0m [37m<-- POST /session/47c73b39-1b89-44d7-ba0d-8f26b809c0f0/element [39m[32m200[39m [90m35 ms - 137[39m [90m[39m
[38;5;176m[47c73b39][0m[38;5;86m[HTTP][0m [37m-->[39m [37mPOST[39m [37m/session/47c73b39-1b89-44d7-ba0d-8f26b809c0f0/element/00000000-0000-0347-ffff-ffff00000181/clear[39m [90m{}[39m
[38;5;176m[47c73b39][0m[38;5;151m[AndroidUiautomator2Driver@000c (47c73b39)][0m Calling AppiumDriver.clear() with args: ["00000000-0000-0347-ffff-ffff00000181","47c73b39-1b89-44d7-ba0d-8f26b809c0f0"]
[38;5;176m[47c73b39][0m[38;5;151m[AndroidUiautomator2Driver@000c (47c73b39)][0m Matched '/element/00000000-0000-0347-ffff-ffff00000181/clear' to command name 'clear'
[38;5;176m[47c73b39][0m[38;5;151m[AndroidUiautomator2Driver@000c (47c73b39)][0m Proxying [POST /element/00000000-0000-0347-ffff-ffff00000181/clear] to [POST http://127.0.0.1:8202/session/899abd5c-e31e-434f-9140-8b4d1092eff0/element/00000000-0000-0347-ffff-ffff00000181/clear] with body: {"elementId":"00000000-0000-0347-ffff-ffff00000181"}
[38;5;176m[47c73b39][0m[38;5;151m[AndroidUiautomator2Driver@000c (47c73b39)][0m Got response with status 200: {"sessionId":"899abd5c-e31e-434f-9140-8b4d1092eff0","value":null}
[38;5;176m[47c73b39][0m[38;5;151m[AndroidUiautomator2Driver@000c (47c73b39)][0m Responding to client with driver.clear() result: null
[38;5;176m[47c73b39][0m[38;5;86m[HTTP][0m [37m<-- POST /session/47c73b39-1b89-44d7-ba0d-8f26b809c0f0/element/00000000-0000-0347-ffff-ffff00000181/clear [39m[32m200[39m [90m14 ms - 14[39m [90m[39m
[38;5;176m[47c73b39][0m[38;5;86m[HTTP][0m [37m-->[39m [37mPOST[39m [37m/session/47c73b39-1b89-44d7-ba0d-8f26b809c0f0/element/00000000-0000-0347-ffff-ffff00000181/value[39m [90m{"text":"10203040"}[39m
[38;5;176m[47c73b39][0m[38;5;151m[AndroidUiautomator2Driver@000c (47c73b39)][0m Calling AppiumDriver.setValue() with args: ["10203040","00000000-0000-0347-ffff-ffff00000181","47c73b39-1b89-44d7-ba0d-8f26b809c0f0"]
[38;5;176m[47c73b39][0m[38;5;151m[AndroidUiautomator2Driver@000c (47c73b39)][0m Matched '/element/00000000-0000-0347-ffff-ffff00000181/value' to command name 'setValue'
[38;5;176m[47c73b39][0m[38;5;151m[AndroidUiautomator2Driver@000c (47c73b39)][0m Added 'value' property ["1","0","2","0","3","0","4","0"] to 'setValue' request body
[38;5;176m[47c73b39][0m[38;5;151m[AndroidUiautomator2Driver@000c (47c73b39)][0m Proxying [POST /element/00000000-0000-0347-ffff-ffff00000181/value] to [POST http://127.0.0.1:8202/session/899abd5c-e31e-434f-9140-8b4d1092eff0/element/00000000-0000-0347-ffff-ffff00000181/value] with body: {"elementId":"00000000-0000-0347-ffff-ffff00000181","text":"10203040","replace":false,"value":["1","0","2","0","3","0","4","0"]}
[38;5;176m[47c73b39][0m[38;5;151m[AndroidUiautomator2Driver@000c (47c73b39)][0m Got response with status 200: {"sessionId":"899abd5c-e31e-434f-9140-8b4d1092eff0","value":null}
[38;5;176m[47c73b39][0m[38;5;151m[AndroidUiautomator2Driver@000c (47c73b39)][0m Responding to client with driver.setValue() result: null
[38;5;176m[47c73b39][0m[38;5;86m[HTTP][0m [37m<-- POST /session/47c73b39-1b89-44d7-ba0d-8f26b809c0f0/element/00000000-0000-0347-ffff-ffff00000181/value [39m[32m200[39m [90m508 ms - 14[39m [90m[39m
[38;5;176m[47c73b39][0m[38;5;86m[HTTP][0m [37m-->[39m [37mPOST[39m [37m/session/47c73b39-1b89-44d7-ba0d-8f26b809c0f0/element[39m [90m{"using":"xpath","value":"//android.widget.Button[@content-desc=\"Tap to login with given credentials\"]"}[39m
[38;5;176m[47c73b39][0m[38;5;151m[AndroidUiautomator2Driver@000c (47c73b39)][0m Calling AppiumDriver.findElement() with args: ["xpath","//android.widget.Button[@content-desc=\"Tap to login with given credentials\"]","47c73b39-1b89-44d7-ba0d-8f26b809c0f0"]
[38;5;176m[47c73b39][0m[38;5;151m[AndroidUiautomator2Driver@000c (47c73b39)][0m Valid locator strategies for this request: xpath, id, class name, accessibility id, css selector, -android uiautomator
[38;5;176m[47c73b39][0m[38;5;151m[AndroidUiautomator2Driver@000c (47c73b39)][0m Waiting up to 0 ms for condition
[38;5;176m[47c73b39][0m[38;5;151m[AndroidUiautomator2Driver@000c (47c73b39)][0m Matched '/element' to command name 'findElement'
[38;5;176m[47c73b39][0m[38;5;151m[AndroidUiautomator2Driver@000c (47c73b39)][0m Proxying [POST /element] to [POST http://127.0.0.1:8202/session/899abd5c-e31e-434f-9140-8b4d1092eff0/element] with body: {"strategy":"xpath","selector":"//android.widget.Button[@content-desc=\"Tap to login with given credentials\"]","context":"","multiple":false}
[38;5;176m[47c73b39][0m[38;5;151m[AndroidUiautomator2Driver@000c (47c73b39)][0m Got response with status 200: {"sessionId":"899abd5c-e31e-434f-9140-8b4d1092eff0","value":{"ELEMENT":"00000000-0000-0347-ffff-ffff00000186","element-6066-11e4-a52e-4f735466cecf":"00000000-0000-0347-ffff-ffff00000186"}}
[38;5;176m[47c73b39][0m[38;5;151m[AndroidUiautomator2Driver@000c (47c73b39)][0m Responding to client with driver.findElement() result: {"element-6066-11e4-a52e-4f735466cecf":"00000000-0000-0347-ffff-ffff00000186","ELEMENT":"00000000-0000-0347-ffff-ffff00000186"}
[38;5;176m[47c73b39][0m[38;5;86m[HTTP][0m [37m<-- POST /session/47c73b39-1b89-44d7-ba0d-8f26b809c0f0/element [39m[32m200[39m [90m521 ms - 137[39m [90m[39m
[38;5;176m[47c73b39][0m[38;5;86m[HTTP][0m [37m-->[39m [37mGET[39m [37m/session/47c73b39-1b89-44d7-ba0d-8f26b809c0f0/element/00000000-0000-0347-ffff-ffff00000186/displayed[39m [90m{}[39m
[38;5;176m[47c73b39][0m[38;5;151m[AndroidUiautomator2Driver@000c (47c73b39)][0m Calling AppiumDriver.elementDisplayed() with args: ["00000000-0000-0347-ffff-ffff00000186","47c73b39-1b89-44d7-ba0d-8f26b809c0f0"]
[38;5;176m[47c73b39][0m[38;5;151m[AndroidUiautomator2Driver@000c (47c73b39)][0m Matched '/element/00000000-0000-0347-ffff-ffff00000186/attribute/displayed' to command name 'getAttribute'
[38;5;176m[47c73b39][0m[38;5;151m[AndroidUiautomator2Driver@000c (47c73b39)][0m Proxying [GET /element/00000000-0000-0347-ffff-ffff00000186/attribute/displayed] to [GET http://127.0.0.1:8202/session/899abd5c-e31e-434f-9140-8b4d1092eff0/element/00000000-0000-0347-ffff-ffff00000186/attribute/displayed] with no body
[38;5;176m[47c73b39][0m[38;5;151m[AndroidUiautomator2Driver@000c (47c73b39)][0m Got response with status 200: {"sessionId":"899abd5c-e31e-434f-9140-8b4d1092eff0","value":"true"}
[38;5;176m[47c73b39][0m[38;5;151m[AndroidUiautomator2Driver@000c (47c73b39)][0m Responding to client with driver.elementDisplayed() result: true
[38;5;176m[47c73b39][0m[38;5;86m[HTTP][0m [37m<-- GET /session/47c73b39-1b89-44d7-ba0d-8f26b809c0f0/element/00000000-0000-0347-ffff-ffff00000186/displayed [39m[32m200[39m [90m10 ms - 14[39m [90m[39m
[38;5;176m[47c73b39][0m[38;5;86m[HTTP][0m [37m-->[39m [37mPOST[39m [37m/session/47c73b39-1b89-44d7-ba0d-8f26b809c0f0/element[39m [90m{"using":"xpath","value":"//android.widget.Button[@content-desc=\"Tap to login with given credentials\"]"}[39m
[38;5;176m[47c73b39][0m[38;5;151m[AndroidUiautomator2Driver@000c (47c73b39)][0m Calling AppiumDriver.findElement() with args: ["xpath","//android.widget.Button[@content-desc=\"Tap to login with given credentials\"]","47c73b39-1b89-44d7-ba0d-8f26b809c0f0"]
[38;5;176m[47c73b39][0m[38;5;151m[AndroidUiautomator2Driver@000c (47c73b39)][0m Valid locator strategies for this request: xpath, id, class name, accessibility id, css selector, -android uiautomator
[38;5;176m[47c73b39][0m[38;5;151m[AndroidUiautomator2Driver@000c (47c73b39)][0m Waiting up to 0 ms for condition
[38;5;176m[47c73b39][0m[38;5;151m[AndroidUiautomator2Driver@000c (47c73b39)][0m Matched '/element' to command name 'findElement'
[38;5;176m[47c73b39][0m[38;5;151m[AndroidUiautomator2Driver@000c (47c73b39)][0m Proxying [POST /element] to [POST http://127.0.0.1:8202/session/899abd5c-e31e-434f-9140-8b4d1092eff0/element] with body: {"strategy":"xpath","selector":"//android.widget.Button[@content-desc=\"Tap to login with given credentials\"]","context":"","multiple":false}
[38;5;176m[47c73b39][0m[38;5;151m[AndroidUiautomator2Driver@000c (47c73b39)][0m Got response with status 200: {"sessionId":"899abd5c-e31e-434f-9140-8b4d1092eff0","value":{"ELEMENT":"00000000-0000-0347-ffff-ffff00000186","element-6066-11e4-a52e-4f735466cecf":"00000000-0000-0347-ffff-ffff00000186"}}
[38;5;176m[47c73b39][0m[38;5;151m[AndroidUiautomator2Driver@000c (47c73b39)][0m Responding to client with driver.findElement() result: {"element-6066-11e4-a52e-4f735466cecf":"00000000-0000-0347-ffff-ffff00000186","ELEMENT":"00000000-0000-0347-ffff-ffff00000186"}
[38;5;176m[47c73b39][0m[38;5;86m[HTTP][0m [37m<-- POST /session/47c73b39-1b89-44d7-ba0d-8f26b809c0f0/element [39m[32m200[39m [90m29 ms - 137[39m [90m[39m
[38;5;176m[47c73b39][0m[38;5;86m[HTTP][0m [37m-->[39m [37mPOST[39m [37m/session/47c73b39-1b89-44d7-ba0d-8f26b809c0f0/element/00000000-0000-0347-ffff-ffff00000186/click[39m [90m{}[39m
[38;5;176m[47c73b39][0m[38;5;151m[AndroidUiautomator2Driver@000c (47c73b39)][0m Calling AppiumDriver.click() with args: ["00000000-0000-0347-ffff-ffff00000186","47c73b39-1b89-44d7-ba0d-8f26b809c0f0"]
[38;5;176m[47c73b39][0m[38;5;151m[AndroidUiautomator2Driver@000c (47c73b39)][0m Matched '/element/00000000-0000-0347-ffff-ffff00000186/click' to command name 'click'
[38;5;176m[47c73b39][0m[38;5;151m[AndroidUiautomator2Driver@000c (47c73b39)][0m Proxying [POST /element/00000000-0000-0347-ffff-ffff00000186/click] to [POST http://127.0.0.1:8202/session/899abd5c-e31e-434f-9140-8b4d1092eff0/element/00000000-0000-0347-ffff-ffff00000186/click] with body: {"element":"00000000-0000-0347-ffff-ffff00000186"}
[38;5;176m[47c73b39][0m[38;5;151m[AndroidUiautomator2Driver@000c (47c73b39)][0m Got response with status 200: {"sessionId":"899abd5c-e31e-434f-9140-8b4d1092eff0","value":null}
[38;5;176m[47c73b39][0m[38;5;151m[AndroidUiautomator2Driver@000c (47c73b39)][0m Responding to client with driver.click() result: null
[38;5;176m[47c73b39][0m[38;5;86m[HTTP][0m [37m<-- POST /session/47c73b39-1b89-44d7-ba0d-8f26b809c0f0/element/00000000-0000-0347-ffff-ffff00000186/click [39m[32m200[39m [90m568 ms - 14[39m [90m[39m
[38;5;176m[47c73b39][0m[38;5;86m[HTTP][0m [37m-->[39m [37mPOST[39m [37m/session/47c73b39-1b89-44d7-ba0d-8f26b809c0f0/element[39m [90m{"using":"xpath","value":"//android.widget.TextView[@resource-id=\"com.saucelabs.mydemoapp.android:id/passwordErrorTV\"]"}[39m
[38;5;176m[47c73b39][0m[38;5;151m[AndroidUiautomator2Driver@000c (47c73b39)][0m Calling AppiumDriver.findElement() with args: ["xpath","//android.widget.TextView[@resource-id=\"com.saucelabs.mydemoapp.android:id/passwordErrorTV\"]","47c73b39-1b89-44d7-ba0d-8f26b809c0f0"]
[38;5;176m[47c73b39][0m[38;5;151m[AndroidUiautomator2Driver@000c (47c73b39)][0m Valid locator strategies for this request: xpath, id, class name, accessibility id, css selector, -android uiautomator
[38;5;176m[47c73b39][0m[38;5;151m[AndroidUiautomator2Driver@000c (47c73b39)][0m Waiting up to 0 ms for condition
[38;5;176m[47c73b39][0m[38;5;151m[AndroidUiautomator2Driver@000c (47c73b39)][0m Matched '/element' to command name 'findElement'
[38;5;176m[47c73b39][0m[38;5;151m[AndroidUiautomator2Driver@000c (47c73b39)][0m Proxying [POST /element] to [POST http://127.0.0.1:8202/session/899abd5c-e31e-434f-9140-8b4d1092eff0/element] with body: {"strategy":"xpath","selector":"//android.widget.TextView[@resource-id=\"com.saucelabs.mydemoapp.android:id/passwordErrorTV\"]","context":"","multiple":false}
[38;5;176m[47c73b39][0m[38;5;151m[AndroidUiautomator2Driver@000c (47c73b39)][0m Got response with status 200: {"sessionId":"899abd5c-e31e-434f-9140-8b4d1092eff0","value":{"ELEMENT":"00000000-0000-0347-ffff-ffff00000183","element-6066-11e4-a52e-4f735466cecf":"00000000-0000-0347-ffff-ffff00000183"}}
[38;5;176m[47c73b39][0m[38;5;151m[AndroidUiautomator2Driver@000c (47c73b39)][0m Responding to client with driver.findElement() result: {"element-6066-11e4-a52e-4f735466cecf":"00000000-0000-0347-ffff-ffff00000183","ELEMENT":"00000000-0000-0347-ffff-ffff00000183"}
[38;5;176m[47c73b39][0m[38;5;86m[HTTP][0m [37m<-- POST /session/47c73b39-1b89-44d7-ba0d-8f26b809c0f0/element [39m[32m200[39m [90m33 ms - 137[39m [90m[39m
[38;5;176m[47c73b39][0m[38;5;86m[HTTP][0m [37m-->[39m [37mGET[39m [37m/session/47c73b39-1b89-44d7-ba0d-8f26b809c0f0/element/00000000-0000-0347-ffff-ffff00000183/text[39m [90m{}[39m
[38;5;176m[47c73b39][0m[38;5;151m[AndroidUiautomator2Driver@000c (47c73b39)][0m Driver proxy active, passing request on via HTTP proxy
[38;5;176m[47c73b39][0m[38;5;151m[AndroidUiautomator2Driver@000c (47c73b39)][0m Matched '/session/47c73b39-1b89-44d7-ba0d-8f26b809c0f0/element/00000000-0000-0347-ffff-ffff00000183/text' to command name 'getText'
[38;5;176m[47c73b39][0m[38;5;151m[AndroidUiautomator2Driver@000c (47c73b39)][0m Proxying [GET /session/47c73b39-1b89-44d7-ba0d-8f26b809c0f0/element/00000000-0000-0347-ffff-ffff00000183/text] to [GET http://127.0.0.1:8202/session/899abd5c-e31e-434f-9140-8b4d1092eff0/element/00000000-0000-0347-ffff-ffff00000183/text] with no body
[38;5;176m[47c73b39][0m[38;5;151m[AndroidUiautomator2Driver@000c (47c73b39)][0m Got response with status 200: {"sessionId":"899abd5c-e31e-434f-9140-8b4d1092eff0","value":"Sorry this user has been locked out."}
[38;5;176m[47c73b39][0m[38;5;151m[AndroidUiautomator2Driver@000c (47c73b39)][0m Replacing sessionId 899abd5c-e31e-434f-9140-8b4d1092eff0 with 47c73b39-1b89-44d7-ba0d-8f26b809c0f0
[38;5;176m[47c73b39][0m[38;5;86m[HTTP][0m [37m<-- GET /session/47c73b39-1b89-44d7-ba0d-8f26b809c0f0/element/00000000-0000-0347-ffff-ffff00000183/text [39m[32m200[39m [90m12 ms - 99[39m [90m[39m
[38;5;176m[47c73b39][0m[38;5;86m[HTTP][0m [37m-->[39m [37mDELETE[39m [37m/session/47c73b39-1b89-44d7-ba0d-8f26b809c0f0[39m [90m{}[39m
[38;5;176m[47c73b39][0m[38;5;151m[AndroidUiautomator2Driver@000c (47c73b39)][0m Calling AppiumDriver.deleteSession() with args: ["47c73b39-1b89-44d7-ba0d-8f26b809c0f0"]
[38;5;176m[47c73b39][0m[38;5;185m[AppiumDriver@37fe][0m Event 'quitSessionRequested' logged at 1732594478667 (23:14:38 GMT-0500 (Colombia Standard Time))
[38;5;176m[47c73b39][0m[38;5;185m[AppiumDriver@37fe][0m Removing session 47c73b39-1b89-44d7-ba0d-8f26b809c0f0 from our master session list
[38;5;176m[47c73b39][0m[38;5;151m[AndroidUiautomator2Driver@000c (47c73b39)][0m Deleting UiAutomator2 session
[38;5;176m[47c73b39][0m[38;5;151m[AndroidUiautomator2Driver@000c (47c73b39)][0m Deleting UiAutomator2 server session
[38;5;176m[47c73b39][0m[38;5;151m[AndroidUiautomator2Driver@000c (47c73b39)][0m Matched '/' to command name 'deleteSession'
[38;5;176m[47c73b39][0m[38;5;151m[AndroidUiautomator2Driver@000c (47c73b39)][0m Proxying [DELETE /] to [DELETE http://127.0.0.1:8202/session/899abd5c-e31e-434f-9140-8b4d1092eff0] with no body
[38;5;176m[47c73b39][0m[38;5;151m[AndroidUiautomator2Driver@000c (47c73b39)][0m Got response with status 200: {"sessionId":"899abd5c-e31e-434f-9140-8b4d1092eff0","value":null}
[38;5;176m[47c73b39][0m[38;5;229m[ADB][0m Running 'C:\Users\JuanPa\AppData\Local\Android\Sdk\platform-tools\adb.exe -P 5037 -s emulator-5556 shell dumpsys activity services io.appium.settings/.recorder.RecorderService'
[38;5;176m[47c73b39][0m[38;5;229m[ADB][0m Running 'C:\Users\JuanPa\AppData\Local\Android\Sdk\platform-tools\adb.exe -P 5037 -s emulator-5556 shell am force-stop com.saucelabs.mydemoapp.android'
[38;5;176m[47c73b39][0m[38;5;160m[Logcat][0m Stopping logcat capture
[38;5;176m[47c73b39][0m[38;5;229m[ADB][0m Removing forwarded port socket connection: 8202 
[38;5;176m[47c73b39][0m[38;5;229m[ADB][0m Running 'C:\Users\JuanPa\AppData\Local\Android\Sdk\platform-tools\adb.exe -P 5037 -s emulator-5556 forward --remove tcp:8202'
[38;5;176m[47c73b39][0m[38;5;151m[AndroidUiautomator2Driver@000c (47c73b39)][0m Restoring hidden api policy to the device default configuration
[38;5;176m[47c73b39][0m[38;5;229m[ADB][0m Running 'C:\Users\JuanPa\AppData\Local\Android\Sdk\platform-tools\adb.exe -P 5037 -s emulator-5556 shell 'settings delete global hidden_api_policy_pre_p_apps;settings delete global hidden_api_policy_p_apps;settings delete global hidden_api_policy''
[38;5;176m[47c73b39][0m[38;5;185m[AppiumDriver@37fe][0m Event 'quitSessionFinished' logged at 1732594478910 (23:14:38 GMT-0500 (Colombia Standard Time))
[38;5;176m[47c73b39][0m[38;5;185m[AppiumDriver@37fe][0m Received response: null
[38;5;176m[47c73b39][0m[38;5;185m[AppiumDriver@37fe][0m But deleting session, so not returning
[38;5;176m[47c73b39][0m[38;5;185m[AppiumDriver@37fe][0m Responding to client with driver.deleteSession() result: null
[38;5;176m[47c73b39][0m[38;5;86m[HTTP][0m [37m<-- DELETE /session/47c73b39-1b89-44d7-ba0d-8f26b809c0f0 [39m[32m200[39m [90m244 ms - 14[39m [90m[39m
